  main.cpp
c:\program files\mysql\connector.c++ 1.1\include\cppconn\sqlstring.h(39): warning C4251: 'sql::SQLString::realStr': class 'std::basic_string<char,std::char_traits<char>,std::allocator<char>>', dll arabiriminin class 'sql::SQLString' istemcileri tarafından kullanılmasını gerektiriyor
  C:\Program Files (x86)\Microsoft Visual Studio\2017\Community\VC\Tools\MSVC\14.10.25017\include\xstring(3997): note: 'std::basic_string<char,std::char_traits<char>,std::allocator<char>>' bildirimine bakın
c:\program files\mysql\connector.c++ 1.1\include\cppconn\exception.h(61): warning C4251: 'sql::SQLException::sql_state': class 'std::basic_string<char,std::char_traits<char>,std::allocator<char>>', dll arabiriminin class 'sql::SQLException' istemcileri tarafından kullanılmasını gerektiriyor
  C:\Program Files (x86)\Microsoft Visual Studio\2017\Community\VC\Tools\MSVC\14.10.25017\include\xstring(3997): note: 'std::basic_string<char,std::char_traits<char>,std::allocator<char>>' bildirimine bakın
c:\program files\mysql\connector.c++ 1.1\include\cppconn\exception.h(145): warning C4251: 'sql::SQLUnsupportedOptionException::option': class 'std::basic_string<char,std::char_traits<char>,std::allocator<char>>', dll arabiriminin struct 'sql::SQLUnsupportedOptionException' istemcileri tarafından kullanılmasını gerektiriyor
  C:\Program Files (x86)\Microsoft Visual Studio\2017\Community\VC\Tools\MSVC\14.10.25017\include\xstring(3997): note: 'std::basic_string<char,std::char_traits<char>,std::allocator<char>>' bildirimine bakın
C:\Program Files\MySQL\Connector.C++ 1.1\include\mysql_connection.h(175): warning C4251: 'sql::mysql::MySQL_Connection::proxy': class 'boost::shared_ptr<sql::mysql::NativeAPI::NativeConnectionWrapper>', dll arabiriminin class 'sql::mysql::MySQL_Connection' istemcileri tarafından kullanılmasını gerektiriyor
  C:\Program Files\MySQL\Connector.C++ 1.1\include\mysql_connection.h(175): note: 'boost::shared_ptr<sql::mysql::NativeAPI::NativeConnectionWrapper>' bildirimine bakın
C:\Program Files\MySQL\Connector.C++ 1.1\include\mysql_connection.h(179): warning C4251: 'sql::mysql::MySQL_Connection::service': class 'boost::scoped_ptr<sql::mysql::MySQL_Statement>', dll arabiriminin class 'sql::mysql::MySQL_Connection' istemcileri tarafından kullanılmasını gerektiriyor
  C:\Program Files\MySQL\Connector.C++ 1.1\include\mysql_connection.h(179): note: 'boost::scoped_ptr<sql::mysql::MySQL_Statement>' bildirimine bakın
C:\Program Files\MySQL\Connector.C++ 1.1\include\mysql_connection.h(181): warning C4251: 'sql::mysql::MySQL_Connection::intern': class 'boost::scoped_ptr<sql::mysql::MySQL_ConnectionData>', dll arabiriminin class 'sql::mysql::MySQL_Connection' istemcileri tarafından kullanılmasını gerektiriyor
  C:\Program Files\MySQL\Connector.C++ 1.1\include\mysql_connection.h(181): note: 'boost::scoped_ptr<sql::mysql::MySQL_ConnectionData>' bildirimine bakın
main.cpp(60): warning C4101: 'e': yerel değişken başvurusu kaldırıldı
main.cpp(97): warning C4101: 'e': yerel değişken başvurusu kaldırıldı
main.cpp(134): warning C4101: 'e': yerel değişken başvurusu kaldırıldı
main.cpp(237): warning C4101: 'e': yerel değişken başvurusu kaldırıldı
main.cpp(287): warning C4551: işlev çağrısında bağımsız değişken listesi eksik
main.cpp(307): warning C4101: 'e': yerel değişken başvurusu kaldırıldı
main.cpp(331): warning C4101: 'e': yerel değişken başvurusu kaldırıldı
main.cpp(365): warning C4996: 'scanf': This function or variable may be unsafe. Consider using scanf_s instead. To disable deprecation, use _CRT_SECURE_NO_WARNINGS. See online help for details.
  C:\Program Files (x86)\Windows Kits\10\Include\10.0.15063.0\ucrt\stdio.h(1272): note: 'scanf' bildirimine bakın
  Kod üretiliyor
  366 of 375 functions (97.6%) were compiled, the rest were copied from previous compilation.
    2 functions were new in current compilation
    1 functions had inline decision re-evaluated but remain unchanged
  Kodun üretilmesi tamamlandı
  HavaYolu.vcxproj -> C:\Users\yiğit\Desktop\Projelerim\HavaYolu\x64\Release\HavaYolu.exe
